<?xml version="1.0" encoding="UTF-8"?>
<testsuite name="hello.GreetingControllerTests" tests="1" skipped="1" failures="0" errors="0" timestamp="2019-03-15T20:49:27" hostname="USBLRNILESHKU12" time="0.0">
  <properties/>
  <testcase name="initializationError" classname="hello.GreetingControllerTests" time="0.0">
    <skipped/>
  </testcase>
  <system-out><![CDATA[]]></system-out>
  <system-err><![CDATA[]]></system-err>
</testsuite>
